<?xml version="1.0" encoding="UTF-8"?>
<testng-results skipped="0" failed="0" total="2" passed="2">
  <reporter-output>
  </reporter-output>
  <suite name="Default suite" duration-ms="36" started-at="2020-09-12T23:49:05Z" finished-at="2020-09-12T23:49:05Z">
    <groups>
    </groups>
    <test name="Default test" duration-ms="36" started-at="2020-09-12T23:49:05Z" finished-at="2020-09-12T23:49:05Z">
      <class name="testNGPackage.NewTest">
        <test-method status="PASS" signature="f()[pri:0, instance:testNGPackage.NewTest@22635ba0]" name="f" duration-ms="11" started-at="2020-09-12T19:49:05Z" finished-at="2020-09-12T19:49:05Z">
          <reporter-output>
          </reporter-output>
        </test-method> <!-- f -->
        <test-method status="PASS" signature="b()[pri:0, instance:testNGPackage.NewTest@22635ba0]" name="b" duration-ms="4" started-at="2020-09-12T19:49:05Z" depends-on-methods="testNGPackage.NewTest.f" finished-at="2020-09-12T19:49:05Z">
          <reporter-output>
          </reporter-output>
        </test-method> <!-- b -->
      </class> <!-- testNGPackage.NewTest -->
    </test> <!-- Default test -->
  </suite> <!-- Default suite -->
</testng-results>
